<?xml version="1.0" encoding="UTF-8"?>
<coverage generated="1613623819240" clover="3.2.0">
  <project timestamp="1613623819240" name="All files">
    <metrics statements="25" coveredstatements="18" conditionals="2" coveredconditionals="2" methods="11" coveredmethods="4" elements="38" coveredelements="24" complexity="0" loc="25" ncloc="25" packages="1" files="4" classes="4"/>
    <file name="employee.js" path="C:\Users\AMPie\Homework\Team Profile Generator\lib\employee.js">
      <metrics statements="9" coveredstatements="5" conditionals="2" coveredconditionals="2" methods="5" coveredmethods="1"/>
      <line num="3" count="4" type="stmt"/>
      <line num="4" count="4" type="stmt"/>
      <line num="5" count="4" type="stmt"/>
      <line num="6" count="4" type="cond" truecount="2" falsecount="0"/>
      <line num="9" count="0" type="stmt"/>
      <line num="12" count="0" type="stmt"/>
      <line num="15" count="0" type="stmt"/>
      <line num="18" count="0" type="stmt"/>
      <line num="22" count="4" type="stmt"/>
    </file>
    <file name="engineer.js" path="C:\Users\AMPie\Homework\Team Profile Generator\lib\engineer.js">
      <metrics statements="5" coveredstatements="4" conditionals="0" coveredconditionals="0" methods="2" coveredmethods="1"/>
      <line num="2" count="1" type="stmt"/>
      <line num="7" count="1" type="stmt"/>
      <line num="8" count="1" type="stmt"/>
      <line num="12" count="0" type="stmt"/>
      <line num="16" count="1" type="stmt"/>
    </file>
    <file name="intern.js" path="C:\Users\AMPie\Homework\Team Profile Generator\lib\intern.js">
      <metrics statements="5" coveredstatements="4" conditionals="0" coveredconditionals="0" methods="2" coveredmethods="1"/>
      <line num="2" count="1" type="stmt"/>
      <line num="7" count="1" type="stmt"/>
      <line num="8" count="1" type="stmt"/>
      <line num="12" count="0" type="stmt"/>
      <line num="16" count="1" type="stmt"/>
    </file>
    <file name="manager.js" path="C:\Users\AMPie\Homework\Team Profile Generator\lib\manager.js">
      <metrics statements="6" coveredstatements="5" conditionals="0" coveredconditionals="0" methods="2" coveredmethods="1"/>
      <line num="1" count="1" type="stmt"/>
      <line num="5" count="1" type="stmt"/>
      <line num="6" count="1" type="stmt"/>
      <line num="7" count="1" type="stmt"/>
      <line num="10" count="0" type="stmt"/>
      <line num="14" count="1" type="stmt"/>
    </file>
  </project>
</coverage>
