<?xml version="1.0" encoding="UTF-8"?>
<coverage generated="1613527530401" clover="3.2.0">
  <project timestamp="1613527530401" name="All files">
    <metrics statements="29" coveredstatements="18" conditionals="2" coveredconditionals="2" methods="12" coveredmethods="4" elements="43" coveredelements="24" complexity="0" loc="29" ncloc="29" packages="1" files="4" classes="4"/>
    <file name="employee.js" path="C:\Users\AMPie\Homework\Team Profile Generator\lib\employee.js">
      <metrics statements="13" coveredstatements="5" conditionals="2" coveredconditionals="2" methods="6" coveredmethods="1"/>
      <line num="3" count="4" type="stmt"/>
      <line num="4" count="4" type="stmt"/>
      <line num="5" count="4" type="stmt"/>
      <line num="6" count="4" type="cond" truecount="2" falsecount="0"/>
      <line num="12" count="0" type="stmt"/>
      <line num="15" count="0" type="stmt"/>
      <line num="18" count="0" type="stmt"/>
      <line num="21" count="0" type="stmt"/>
      <line num="25" count="0" type="stmt"/>
      <line num="26" count="0" type="stmt"/>
      <line num="27" count="0" type="stmt"/>
      <line num="28" count="0" type="stmt"/>
      <line num="32" count="4" type="stmt"/>
    </file>
    <file name="engineer.js" path="C:\Users\AMPie\Homework\Team Profile Generator\lib\engineer.js">
      <metrics statements="5" coveredstatements="4" conditionals="0" coveredconditionals="0" methods="2" coveredmethods="1"/>
      <line num="2" count="1" type="stmt"/>
      <line num="7" count="1" type="stmt"/>
      <line num="8" count="1" type="stmt"/>
      <line num="12" count="0" type="stmt"/>
      <line num="16" count="1" type="stmt"/>
    </file>
    <file name="intern.js" path="C:\Users\AMPie\Homework\Team Profile Generator\lib\intern.js">
      <metrics statements="5" coveredstatements="4" conditionals="0" coveredconditionals="0" methods="2" coveredmethods="1"/>
      <line num="2" count="1" type="stmt"/>
      <line num="7" count="1" type="stmt"/>
      <line num="8" count="1" type="stmt"/>
      <line num="12" count="0" type="stmt"/>
      <line num="16" count="1" type="stmt"/>
    </file>
    <file name="manager.js" path="C:\Users\AMPie\Homework\Team Profile Generator\lib\manager.js">
      <metrics statements="6" coveredstatements="5" conditionals="0" coveredconditionals="0" methods="2" coveredmethods="1"/>
      <line num="1" count="1" type="stmt"/>
      <line num="5" count="1" type="stmt"/>
      <line num="6" count="1" type="stmt"/>
      <line num="7" count="1" type="stmt"/>
      <line num="10" count="0" type="stmt"/>
      <line num="14" count="1" type="stmt"/>
    </file>
  </project>
</coverage>
