TN:
SF:lib\employee.js
FN:2,(anonymous_0)
FN:11,(anonymous_1)
FN:14,(anonymous_2)
FN:17,(anonymous_3)
FN:20,(anonymous_4)
FN:24,(anonymous_5)
FNF:6
FNH:1
FNDA:1,(anonymous_0)
FNDA:0,(anonymous_1)
FNDA:0,(anonymous_2)
FNDA:0,(anonymous_3)
FNDA:0,(anonymous_4)
FNDA:0,(anonymous_5)
DA:3,1
DA:4,1
DA:5,1
DA:6,1
DA:7,1
DA:8,0
DA:12,0
DA:15,0
DA:18,0
DA:21,0
DA:25,0
DA:26,0
DA:27,0
DA:28,0
DA:34,2
LF:15
LH:6
BRDA:6,0,0,1
BRDA:6,0,1,1
BRDA:7,1,0,0
BRDA:7,1,1,1
BRF:4
BRH:3
end_of_record
TN:
SF:lib\input.js
FN:6,(anonymous_0)
FN:11,(anonymous_1)
FNF:2
FNH:0
FNDA:0,(anonymous_0)
FNDA:0,(anonymous_1)
DA:2,1
DA:7,0
DA:8,0
DA:12,0
DA:16,1
LF:5
LH:2
BRF:0
BRH:0
end_of_record
TN:
SF:lib\manager.js
FN:5,(anonymous_0)
FN:10,(anonymous_1)
FNF:2
FNH:0
FNDA:0,(anonymous_0)
FNDA:0,(anonymous_1)
DA:1,1
DA:2,1
DA:6,0
DA:7,0
DA:8,0
DA:11,0
DA:21,1
LF:7
LH:3
BRF:0
BRH:0
end_of_record
